<?xml version="1.0" encoding="UTF-8"?>
<testng-results ignored="0" total="6" passed="6" failed="0" skipped="0">
  <reporter-output>
  </reporter-output>
  <suite started-at="2024-11-14T19:21:07 CST" name="Surefire suite" finished-at="2024-11-14T19:21:17 CST" duration-ms="10375">
    <groups>
      <group name="cucumber">
        <method signature="AbstractTestNGCucumberTests.runScenario(io.cucumber.testng.PickleWrapper,io.cucumber.testng.FeatureWrapper)[pri:0, instance:runner.TestRunner@6e6f2380]" name="runScenario" class="io.cucumber.testng.AbstractTestNGCucumberTests"/>
      </group> <!-- cucumber -->
    </groups>
    <test started-at="2024-11-14T19:21:07 CST" name="Surefire test" finished-at="2024-11-14T19:21:17 CST" duration-ms="10375">
      <class name="stepDefinitions.LoggerTest">
        <test-method is-config="true" signature="beforeTest()[pri:0, instance:stepDefinitions.LoggerTest@3b0fe47a]" started-at="2024-11-14T19:21:07 CST" name="beforeTest" finished-at="2024-11-14T19:21:08 CST" duration-ms="855" status="PASS">
          <reporter-output>
          </reporter-output>
        </test-method> <!-- beforeTest -->
        <test-method signature="test001()[pri:0, instance:stepDefinitions.LoggerTest@3b0fe47a]" started-at="2024-11-14T19:21:17 CST" name="test001" finished-at="2024-11-14T19:21:17 CST" duration-ms="4" status="PASS">
          <reporter-output>
          </reporter-output>
        </test-method> <!-- test001 -->
        <test-method signature="test002()[pri:0, instance:stepDefinitions.LoggerTest@3b0fe47a]" started-at="2024-11-14T19:21:17 CST" name="test002" finished-at="2024-11-14T19:21:17 CST" duration-ms="4" status="PASS">
          <reporter-output>
          </reporter-output>
        </test-method> <!-- test002 -->
        <test-method signature="test003()[pri:0, instance:stepDefinitions.LoggerTest@3b0fe47a]" started-at="2024-11-14T19:21:17 CST" name="test003" finished-at="2024-11-14T19:21:17 CST" duration-ms="12" status="PASS">
          <reporter-output>
          </reporter-output>
        </test-method> <!-- test003 -->
        <test-method signature="test004()[pri:0, instance:stepDefinitions.LoggerTest@3b0fe47a]" started-at="2024-11-14T19:21:17 CST" name="test004" finished-at="2024-11-14T19:21:17 CST" duration-ms="4" status="PASS">
          <reporter-output>
          </reporter-output>
        </test-method> <!-- test004 -->
        <test-method signature="test005()[pri:0, instance:stepDefinitions.LoggerTest@3b0fe47a]" started-at="2024-11-14T19:21:17 CST" name="test005" finished-at="2024-11-14T19:21:17 CST" duration-ms="3" status="PASS">
          <reporter-output>
          </reporter-output>
        </test-method> <!-- test005 -->
        <test-method is-config="true" signature="afterTest()[pri:0, instance:stepDefinitions.LoggerTest@3b0fe47a]" started-at="2024-11-14T19:21:17 CST" name="afterTest" finished-at="2024-11-14T19:21:17 CST" duration-ms="3" status="PASS">
          <reporter-output>
          </reporter-output>
        </test-method> <!-- afterTest -->
      </class> <!-- stepDefinitions.LoggerTest -->
      <class name="runner.TestRunner">
        <test-method is-config="true" signature="setUpClass(org.testng.ITestContext)[pri:0, instance:runner.TestRunner@6e6f2380]" started-at="2024-11-14T19:21:08 CST" name="setUpClass" finished-at="2024-11-14T19:21:09 CST" duration-ms="929" status="PASS">
          <params>
            <param index="0">
              <value>
                <![CDATA[org.testng.TestRunner@70211e49]]>
              </value>
            </param>
          </params>
          <reporter-output>
          </reporter-output>
        </test-method> <!-- setUpClass -->
        <test-method signature="runScenario(io.cucumber.testng.PickleWrapper,io.cucumber.testng.FeatureWrapper)[pri:0, instance:runner.TestRunner@6e6f2380]" started-at="2024-11-14T19:21:09 CST" name="runScenario" description="Runs Cucumber Scenarios" data-provider="scenarios" finished-at="2024-11-14T19:21:17 CST" duration-ms="8224" status="PASS">
          <params>
            <param index="0">
              <value>
                <![CDATA["Open the url tutorialninja.com"]]>
              </value>
            </param>
            <param index="1">
              <value>
                <![CDATA["Launch application tutorialninja.com"]]>
              </value>
            </param>
          </params>
          <reporter-output>
          </reporter-output>
        </test-method> <!-- runScenario -->
        <test-method is-config="true" signature="tearDownClass()[pri:0, instance:runner.TestRunner@6e6f2380]" started-at="2024-11-14T19:21:17 CST" name="tearDownClass" finished-at="2024-11-14T19:21:17 CST" duration-ms="43" status="PASS">
          <reporter-output>
          </reporter-output>
        </test-method> <!-- tearDownClass -->
      </class> <!-- runner.TestRunner -->
    </test> <!-- Surefire test -->
  </suite> <!-- Surefire suite -->
</testng-results>
