<?xml version="1.0" encoding="UTF-8"?>
<testsuite xmlns:xsi="http://www.w3.org/2001/XMLSchema-instance" xsi:noNamespaceSchemaLocation="https://maven.apache.org/surefire/maven-surefire-plugin/xsd/surefire-test-report-3.0.xsd" version="3.0" name="TestSuite" time="11.48" tests="6" errors="0" skipped="0" failures="0">
  <properties>
[...]
</properties>
  <testcase name="runScenario[&quot;Open the url tutorialninja.com&quot;, &quot;Launch application tutorialninja.com&quot;](1)" classname="runner.TestRunner" time="8.368">
    <system-out><![CDATA[
@tag @tutorialninjaPOM
Scenario: Open the url tutorialninja.com                   &amp#27;[90m# src/test/resources/features/Tutorial_NinjaPOM.feature:6&amp#27;[0m
ORANGE IS GETTING PRINTED
[INFO ]2024-11-1419:21:14.216[TestNG-PoolService-1]dsutilities.LoggerLoad1]-Method opening_browser_and_launchin_tutorialninja_com_pom
RUNNING POM
ORANGE IS GETTING PRINTED
  &amp#27;[32mGiven &amp#27;[0m&amp#27;[32mopening browser and launchin tutorialninja.com POM&amp#27;[0m &amp#27;[90m# stepDefinitions.Tutorial_Ninja_POM.opening_browser_and_launchin_tutorialninja_com_pom()&amp#27;[0m
[INFO ]2024-11-1419:21:16.745[TestNG-PoolService-1]dsutilities.LoggerLoad1]-Method navigate_to_select_euro_currency_pom
  &amp#27;[32mWhen &amp#27;[0m&amp#27;[32mnavigate to select euro currency POM&amp#27;[0m                &amp#27;[90m# stepDefinitions.Tutorial_Ninja_POM.navigate_to_select_euro_currency_pom()&amp#27;[0m
[INFO ]2024-11-1419:21:16.829[TestNG-PoolService-1]dsutilities.LoggerLoad1]-Method click_on_euro_currency_pom
  &amp#27;[32mAnd &amp#27;[0m&amp#27;[32mclick on euro currency POM&amp#27;[0m                           &amp#27;[90m# stepDefinitions.Tutorial_Ninja_POM.click_on_euro_currency_pom()&amp#27;[0m
]]></system-out>
    <system-err><![CDATA[SLF4J: Failed to load class "org.slf4j.impl.StaticLoggerBinder".
SLF4J: Defaulting to no-operation (NOP) logger implementation
SLF4J: See http://www.slf4j.org/codes.html#StaticLoggerBinder for further details.
RUNNING POM
RUNNING POM
]]></system-err>
  </testcase>
  <testcase name="test001" classname="stepDefinitions.LoggerTest" time="0.02">
    <system-out><![CDATA[[INFO ]2024-11-1419:21:17.762[main]dsutilities.LoggerLoad1]-Method test001  LOGGER STATEMENT
]]></system-out>
  </testcase>
  <testcase name="test002" classname="stepDefinitions.LoggerTest" time="0.01">
    <system-out><![CDATA[[INFO ]2024-11-1419:21:17.779[main]dsutilities.LoggerLoad1]-Method test002  LOGGER STATEMENT
]]></system-out>
  </testcase>
  <testcase name="test003" classname="stepDefinitions.LoggerTest" time="0.016"/>
  <testcase name="test004" classname="stepDefinitions.LoggerTest" time="0.007"/>
  <testcase name="test005" classname="stepDefinitions.LoggerTest" time="0.01">
    <system-out><![CDATA[i am 5rd test module1 test suite1
]]></system-out>
  </testcase>
</testsuite>