<?xml version="1.0" encoding="UTF-8"?>
<!-- Generated by org.testng.reporters.JUnitXMLReporter -->
<testsuite ignored="0" hostname="GWLP" failures="0" tests="6" name="Surefire test" time="10.375" errors="0" timestamp="2024-11-14T19:21:17 CST">
  <testcase classname="io.cucumber.testng.AbstractTestNGCucumberTests" name="runScenario" time="8.224"/>
  <testcase classname="stepDefinitions.LoggerTest" name="test001" time="0.004"/>
  <testcase classname="stepDefinitions.LoggerTest" name="test002" time="0.004"/>
  <testcase classname="stepDefinitions.LoggerTest" name="test003" time="0.012"/>
  <testcase classname="stepDefinitions.LoggerTest" name="test004" time="0.004"/>
  <testcase classname="stepDefinitions.LoggerTest" name="test005" time="0.003"/>
</testsuite> <!-- Surefire test -->
