<?xml version="1.0" encoding="UTF-8"?>
<testng-results ignored="0" total="1" passed="1" failed="0" skipped="0">
  <reporter-output>
  </reporter-output>
  <suite started-at="2024-11-13T09:35:59 CST" name="Default suite" finished-at="2024-11-13T09:36:12 CST" duration-ms="12744">
    <groups>
      <group name="cucumber">
        <method signature="AbstractTestNGCucumberTests.runScenario(io.cucumber.testng.PickleWrapper,io.cucumber.testng.FeatureWrapper)[pri:0, instance:runner.TestRunner@13d9cbf5]" name="runScenario" class="io.cucumber.testng.AbstractTestNGCucumberTests"/>
      </group> <!-- cucumber -->
    </groups>
    <test started-at="2024-11-13T09:35:59 CST" name="Default test" finished-at="2024-11-13T09:36:12 CST" duration-ms="12744">
      <class name="runner.TestRunner">
        <test-method is-config="true" signature="setUpClass(org.testng.ITestContext)[pri:0, instance:runner.TestRunner@13d9cbf5]" started-at="2024-11-13T09:35:59 CST" name="setUpClass" finished-at="2024-11-13T09:36:00 CST" duration-ms="1157" status="PASS">
          <params>
            <param index="0">
              <value>
                <![CDATA[org.testng.TestRunner@210f0cc1]]>
              </value>
            </param>
          </params>
          <reporter-output>
          </reporter-output>
        </test-method> <!-- setUpClass -->
        <test-method signature="runScenario(io.cucumber.testng.PickleWrapper,io.cucumber.testng.FeatureWrapper)[pri:0, instance:runner.TestRunner@13d9cbf5]" started-at="2024-11-13T09:36:00 CST" name="runScenario" description="Runs Cucumber Scenarios" data-provider="scenarios" finished-at="2024-11-13T09:36:12 CST" duration-ms="11289" status="PASS">
          <params>
            <param index="0">
              <value>
                <![CDATA["Open the url tutorialninja.com"]]>
              </value>
            </param>
            <param index="1">
              <value>
                <![CDATA["Launch application tutorialninja.com"]]>
              </value>
            </param>
          </params>
          <reporter-output>
          </reporter-output>
        </test-method> <!-- runScenario -->
        <test-method is-config="true" signature="tearDownClass()[pri:0, instance:runner.TestRunner@13d9cbf5]" started-at="2024-11-13T09:36:12 CST" name="tearDownClass" finished-at="2024-11-13T09:36:12 CST" duration-ms="39" status="PASS">
          <reporter-output>
          </reporter-output>
        </test-method> <!-- tearDownClass -->
      </class> <!-- runner.TestRunner -->
    </test> <!-- Default test -->
  </suite> <!-- Default suite -->
</testng-results>
